Microsoft (R) Macro Assembler Version 5.00                  1/14/20 18:21:42
                                                             Page     1-1


       1				dosseg 
       2				.model small 
       3 0100				.stack 100h 
       4 0000				.data 
       5 0000				.code 
       6 0000				main proc 
       7 0000  B2 61			mov  dl,'a' 
       8 0002  B4 02			mov ah , 2 
       9 0004  CD 21			int 21h 
      10 0006  B4 4C			mov ah,4ch 
      11 0008  CD 21			 int 21h 
      12 000A				main endp 
      13 000A				end main 
Microsoft (R) Macro Assembler Version 5.00                  1/14/20 18:21:42
                                                             Symbols-1


Segments and Groups:

                N a m e         	Length	 Align	Combine Class

DGROUP . . . . . . . . . . . . .  	GROUP
  _DATA  . . . . . . . . . . . .  	0000	WORD	PUBLIC	'DATA'
  STACK  . . . . . . . . . . . .  	0100	PARA	STACK	'STACK'
_TEXT  . . . . . . . . . . . . .  	000A	WORD	PUBLIC	'CODE'

Symbols:            

                N a m e         	Type	 Value	 Attr

MAIN . . . . . . . . . . . . . .  	N PROC	0000	_TEXT	Length = 000A

@CODE  . . . . . . . . . . . . .  	TEXT  _TEXT		
@CODESIZE  . . . . . . . . . . .  	TEXT  0		
@DATASIZE  . . . . . . . . . . .  	TEXT  0		
@FILENAME  . . . . . . . . . . .  	TEXT  first		


     13 Source  Lines
     13 Total   Lines
     15 Symbols

  50632 + 465912 Bytes symbol space free

      0 Warning Errors
      0 Severe  Errors
